[2022-04-22T16:36:52.438] [WARN] p2.js - l o g 4 j s : l o g g e r . l o g :   i n v a l i d   v a l u e   f o r   l o g - l e v e l   a s   f i r s t   p a r a m e t e r   g i v e n :  
[2022-04-22T16:36:52.440] [INFO] p2.js - Starting
[2022-04-22T16:36:52.440] [INFO] p2.js - Printing all transactions
[2022-04-22T16:36:52.441] [INFO] p2.js - Start reading transactions from DodgyTransactions2015.csv
[2022-04-22T16:36:52.443] [INFO] p2.js - Printed all transactions
[2022-04-22T16:37:51.050] [WARN] p2.js - l o g 4 j s : l o g g e r . l o g :   i n v a l i d   v a l u e   f o r   l o g - l e v e l   a s   f i r s t   p a r a m e t e r   g i v e n :  
[2022-04-22T16:37:51.052] [INFO] p2.js - Starting
[2022-04-22T16:37:51.053] [INFO] p2.js - Printing all transactions
[2022-04-22T16:37:51.055] [INFO] p2.js - Start reading transactions from DodgyTransactions2015.csv
[2022-04-22T16:37:51.058] [INFO] p2.js - Printed all transactions
[2022-04-22T16:37:51.069] [ERROR] p2.js - Invalid number at 28
[2022-04-22T16:39:45.074] [WARN] p2.js - l o g 4 j s : l o g g e r . l o g :   i n v a l i d   v a l u e   f o r   l o g - l e v e l   a s   f i r s t   p a r a m e t e r   g i v e n :  
[2022-04-22T16:39:45.076] [INFO] p2.js - Starting
[2022-04-22T16:39:45.076] [INFO] p2.js - Printing all transactions
[2022-04-22T16:39:45.077] [INFO] p2.js - Start reading transactions from DodgyTransactions2015.csv
[2022-04-22T16:39:45.089] [ERROR] p2.js - Invalid number at row 28
[2022-04-22T16:40:15.157] [WARN] p2.js - l o g 4 j s : l o g g e r . l o g :   i n v a l i d   v a l u e   f o r   l o g - l e v e l   a s   f i r s t   p a r a m e t e r   g i v e n :  
[2022-04-22T16:40:15.159] [INFO] p2.js - Starting
[2022-04-22T16:40:15.160] [INFO] p2.js - Printing all transactions
[2022-04-22T16:40:15.160] [INFO] p2.js - Start reading transactions from DodgyTransactions2015.csv
[2022-04-22T16:40:15.175] [ERROR] p2.js - Invalid number at row 28
[2022-04-22T16:40:15.182] [ERROR] p2.js - Invalid date at row 52
